<?xml version="1.0" encoding="UTF-8"?>
<testsuite name="com.blog.search.SearchApplicationTests" tests="1" skipped="0" failures="0" errors="0" timestamp="2023-03-22T06:25:43" hostname="igyeongmins-MacBook-Pro.local" time="0.385">
  <properties/>
  <testcase name="contextLoads()" classname="com.blog.search.SearchApplicationTests" time="0.385"/>
  <system-out><![CDATA[15:25:42.155 [Test worker] DEBUG org.springframework.test.context.BootstrapUtils - Instantiating CacheAwareContextLoaderDelegate from class [org.springframework.test.context.cache.DefaultCacheAwareContextLoaderDelegate]
15:25:42.166 [Test worker] DEBUG org.springframework.test.context.BootstrapUtils - Instantiating BootstrapContext using constructor [public org.springframework.test.context.support.DefaultBootstrapContext(java.lang.Class,org.springframework.test.context.CacheAwareContextLoaderDelegate)]
15:25:42.204 [Test worker] DEBUG org.springframework.test.context.BootstrapUtils - Instantiating TestContextBootstrapper for test class [com.blog.search.SearchApplicationTests] from class [org.springframework.boot.test.context.SpringBootTestContextBootstrapper]
15:25:42.219 [Test worker] INFO org.springframework.boot.test.context.SpringBootTestContextBootstrapper - Neither @ContextConfiguration nor @ContextHierarchy found for test class [com.blog.search.SearchApplicationTests], using SpringBootContextLoader
15:25:42.225 [Test worker] DEBUG org.springframework.test.context.support.AbstractContextLoader - Did not detect default resource location for test class [com.blog.search.SearchApplicationTests]: class path resource [com/blog/search/SearchApplicationTests-context.xml] does not exist
15:25:42.225 [Test worker] DEBUG org.springframework.test.context.support.AbstractContextLoader - Did not detect default resource location for test class [com.blog.search.SearchApplicationTests]: class path resource [com/blog/search/SearchApplicationTestsContext.groovy] does not exist
15:25:42.225 [Test worker] INFO org.springframework.test.context.support.AbstractContextLoader - Could not detect default resource locations for test class [com.blog.search.SearchApplicationTests]: no resource found for suffixes {-context.xml, Context.groovy}.
15:25:42.226 [Test worker] INFO org.springframework.test.context.support.AnnotationConfigContextLoaderUtils - Could not detect default configuration classes for test class [com.blog.search.SearchApplicationTests]: SearchApplicationTests does not declare any static, non-private, non-final, nested classes annotated with @Configuration.
15:25:42.273 [Test worker] DEBUG org.springframework.test.context.support.ActiveProfilesUtils - Could not find an 'annotation declaring class' for annotation type [org.springframework.test.context.ActiveProfiles] and class [com.blog.search.SearchApplicationTests]
15:25:42.341 [Test worker] DEBUG org.springframework.context.annotation.ClassPathScanningCandidateComponentProvider - Identified candidate component class: file [/Users/leekyeongmin/code/search/build/classes/java/main/com/blog/search/SearchApplication.class]
15:25:42.344 [Test worker] INFO org.springframework.boot.test.context.SpringBootTestContextBootstrapper - Found @SpringBootConfiguration com.blog.search.SearchApplication for test class com.blog.search.SearchApplicationTests
15:25:42.501 [Test worker] DEBUG org.springframework.boot.test.context.SpringBootTestContextBootstrapper - @TestExecutionListeners is not present for class [com.blog.search.SearchApplicationTests]: using defaults.
15:25:42.502 [Test worker] INFO org.springframework.boot.test.context.SpringBootTestContextBootstrapper - Loaded default TestExecutionListener class names from location [META-INF/spring.factories]: [org.springframework.boot.test.autoconfigure.restdocs.RestDocsTestExecutionListener, org.springframework.boot.test.autoconfigure.web.client.MockRestServiceServerResetTestExecutionListener, org.springframework.boot.test.autoconfigure.web.servlet.MockMvcPrintOnlyOnFailureTestExecutionListener, org.springframework.boot.test.autoconfigure.web.servlet.WebDriverTestExecutionListener, org.springframework.boot.test.autoconfigure.webservices.client.MockWebServiceServerTestExecutionListener, org.springframework.boot.test.mock.mockito.MockitoTestExecutionListener, org.springframework.boot.test.mock.mockito.ResetMocksTestExecutionListener, org.springframework.test.context.web.ServletTestExecutionListener, org.springframework.test.context.support.DirtiesContextBeforeModesTestExecutionListener, org.springframework.test.context.event.ApplicationEventsTestExecutionListener, org.springframework.test.context.support.DependencyInjectionTestExecutionListener, org.springframework.test.context.support.DirtiesContextTestExecutionListener, org.springframework.test.context.transaction.TransactionalTestExecutionListener, org.springframework.test.context.jdbc.SqlScriptsTestExecutionListener, org.springframework.test.context.event.EventPublishingTestExecutionListener]
15:25:42.513 [Test worker] DEBUG org.springframework.boot.test.context.SpringBootTestContextBootstrapper - Skipping candidate TestExecutionListener [org.springframework.test.context.web.ServletTestExecutionListener] due to a missing dependency. Specify custom listener classes or make the default listener classes and their required dependencies available. Offending class: [javax/servlet/ServletContext]
15:25:42.514 [Test worker] DEBUG org.springframework.boot.test.context.SpringBootTestContextBootstrapper - Skipping candidate TestExecutionListener [org.springframework.test.context.transaction.TransactionalTestExecutionListener] due to a missing dependency. Specify custom listener classes or make the default listener classes and their required dependencies available. Offending class: [org/springframework/transaction/interceptor/TransactionAttributeSource]
15:25:42.515 [Test worker] DEBUG org.springframework.boot.test.context.SpringBootTestContextBootstrapper - Skipping candidate TestExecutionListener [org.springframework.test.context.jdbc.SqlScriptsTestExecutionListener] due to a missing dependency. Specify custom listener classes or make the default listener classes and their required dependencies available. Offending class: [org/springframework/transaction/interceptor/TransactionAttribute]
15:25:42.515 [Test worker] INFO org.springframework.boot.test.context.SpringBootTestContextBootstrapper - Using TestExecutionListeners: [org.springframework.test.context.support.DirtiesContextBeforeModesTestExecutionListener@aa22f1c, org.springframework.test.context.event.ApplicationEventsTestExecutionListener@55e7a35c, org.springframework.boot.test.mock.mockito.MockitoTestExecutionListener@37cd92d6, org.springframework.boot.test.autoconfigure.SpringBootDependencyInjectionTestExecutionListener@5922ae77, org.springframework.test.context.support.DirtiesContextTestExecutionListener@4263b080, org.springframework.test.context.event.EventPublishingTestExecutionListener@2af616d3, org.springframework.boot.test.autoconfigure.restdocs.RestDocsTestExecutionListener@71f67a79, org.springframework.boot.test.autoconfigure.web.client.MockRestServiceServerResetTestExecutionListener@3deb2326, org.springframework.boot.test.autoconfigure.web.servlet.MockMvcPrintOnlyOnFailureTestExecutionListener@62d363ab, org.springframework.boot.test.autoconfigure.web.servlet.WebDriverTestExecutionListener@7889a1ac, org.springframework.boot.test.autoconfigure.webservices.client.MockWebServiceServerTestExecutionListener@3aee3976, org.springframework.boot.test.mock.mockito.ResetMocksTestExecutionListener@5ef8df1e]
15:25:42.519 [Test worker] DEBUG org.springframework.test.context.support.AbstractDirtiesContextTestExecutionListener - Before test class: context [DefaultTestContext@1a6f2363 testClass = SearchApplicationTests, testInstance = [null], testMethod = [null], testException = [null], mergedContextConfiguration = [MergedContextConfiguration@2427e004 testClass = SearchApplicationTests, locations = '{}', classes = '{class com.blog.search.SearchApplication}', contextInitializerClasses = '[]', activeProfiles = '{}', propertySourceLocations = '{}', propertySourceProperties = '{org.springframework.boot.test.context.SpringBootTestContextBootstrapper=true}', contextCustomizers = set[org.springframework.boot.test.autoconfigure.actuate.metrics.MetricsExportContextCustomizerFactory$DisableMetricExportContextCustomizer@6955cb39, org.springframework.boot.test.autoconfigure.properties.PropertyMappingContextCustomizer@0, org.springframework.boot.test.autoconfigure.web.servlet.WebDriverContextCustomizerFactory$Customizer@1af687fe, org.springframework.boot.test.context.filter.ExcludeFilterContextCustomizer@2374d36a, org.springframework.boot.test.json.DuplicateJsonObjectContextCustomizerFactory$DuplicateJsonObjectContextCustomizer@1a45193b, org.springframework.boot.test.mock.mockito.MockitoContextCustomizer@0, org.springframework.boot.test.web.client.TestRestTemplateContextCustomizer@73dce0e6, org.springframework.boot.test.context.SpringBootTestArgs@1, org.springframework.boot.test.context.SpringBootTestWebEnvironment@7dfd3c81], contextLoader = 'org.springframework.boot.test.context.SpringBootContextLoader', parent = [null]], attributes = map[[empty]]], class annotated with @DirtiesContext [false] with mode [null].
15:25:42.536 [Test worker] DEBUG org.springframework.test.context.support.DependencyInjectionTestExecutionListener - Performing dependency injection for test context [[DefaultTestContext@1a6f2363 testClass = SearchApplicationTests, testInstance = com.blog.search.SearchApplicationTests@48f5bde6, testMethod = [null], testException = [null], mergedContextConfiguration = [MergedContextConfiguration@2427e004 testClass = SearchApplicationTests, locations = '{}', classes = '{class com.blog.search.SearchApplication}', contextInitializerClasses = '[]', activeProfiles = '{}', propertySourceLocations = '{}', propertySourceProperties = '{org.springframework.boot.test.context.SpringBootTestContextBootstrapper=true}', contextCustomizers = set[org.springframework.boot.test.autoconfigure.actuate.metrics.MetricsExportContextCustomizerFactory$DisableMetricExportContextCustomizer@6955cb39, org.springframework.boot.test.autoconfigure.properties.PropertyMappingContextCustomizer@0, org.springframework.boot.test.autoconfigure.web.servlet.WebDriverContextCustomizerFactory$Customizer@1af687fe, org.springframework.boot.test.context.filter.ExcludeFilterContextCustomizer@2374d36a, org.springframework.boot.test.json.DuplicateJsonObjectContextCustomizerFactory$DuplicateJsonObjectContextCustomizer@1a45193b, org.springframework.boot.test.mock.mockito.MockitoContextCustomizer@0, org.springframework.boot.test.web.client.TestRestTemplateContextCustomizer@73dce0e6, org.springframework.boot.test.context.SpringBootTestArgs@1, org.springframework.boot.test.context.SpringBootTestWebEnvironment@7dfd3c81], contextLoader = 'org.springframework.boot.test.context.SpringBootContextLoader', parent = [null]], attributes = map['org.springframework.test.context.event.ApplicationEventsTestExecutionListener.recordApplicationEvents' -> false]]].

  .   ____          _            __ _ _
 /\\ / ___'_ __ _ _(_)_ __  __ _ \ \ \ \
( ( )\___ | '_ | '_| | '_ \/ _` | \ \ \ \
 \\/  ___)| |_)| | | | | || (_| |  ) ) ) )
  '  |____| .__|_| |_|_| |_\__, | / / / /
 =========|_|==============|___/=/_/_/_/
 :: Spring Boot ::                (v2.7.9)

2023-03-22 15:25:42.980  INFO 13354 --- [    Test worker] com.blog.search.SearchApplicationTests   : Starting SearchApplicationTests using Java 11.0.11 on igyeongmins-MacBook-Pro.local with PID 13354 (started by leekyeongmin in /Users/leekyeongmin/code/search)
2023-03-22 15:25:42.982  INFO 13354 --- [    Test worker] com.blog.search.SearchApplicationTests   : No active profile set, falling back to 1 default profile: "default"
2023-03-22 15:25:43.732  INFO 13354 --- [    Test worker] com.blog.search.SearchApplicationTests   : Started SearchApplicationTests in 1.125 seconds (JVM running for 2.748)
]]></system-out>
  <system-err><![CDATA[]]></system-err>
</testsuite>
