<?xml version="1.0" encoding="UTF-8"?>
<testsuite name="com.blog.search.SearchApplicationTests" tests="1" skipped="0" failures="0" errors="0" timestamp="2023-03-22T07:22:32" hostname="igyeongmins-MacBook-Pro.local" time="0.025">
  <properties/>
  <testcase name="contextLoads()" classname="com.blog.search.SearchApplicationTests" time="0.025"/>
  <system-out><![CDATA[]]></system-out>
  <system-err><![CDATA[]]></system-err>
</testsuite>
